C:\USERS\GEN\DOCUMENTS\SCHOOL\PURDUE\COURSES\CS535_GRAPHICS\ASSIGNMENT4\PROJECT\ASSIGNMENT4\ASSIGNMENT4\RELEASE\ASSIGNMENT4.EXE.INTERMEDIATE.MANIFEST
C:\Users\gen\Documents\school\Purdue\courses\CS535_Graphics\Assignment4\project\Assignment4\Assignment4\Release\Assignment4.write.1.tlog
C:\USERS\GEN\DOCUMENTS\SCHOOL\PURDUE\COURSES\CS535_GRAPHICS\ASSIGNMENT4\PROJECT\ASSIGNMENT4\ASSIGNMENT4\RELEASE\BOX.OBJ
C:\Users\gen\Documents\school\Purdue\courses\CS535_Graphics\Assignment4\project\Assignment4\Assignment4\Release\cl.command.1.tlog
C:\Users\gen\Documents\school\Purdue\courses\CS535_Graphics\Assignment4\project\Assignment4\Assignment4\Release\CL.read.1.tlog
C:\Users\gen\Documents\school\Purdue\courses\CS535_Graphics\Assignment4\project\Assignment4\Assignment4\Release\CL.write.1.tlog
C:\USERS\GEN\DOCUMENTS\SCHOOL\PURDUE\COURSES\CS535_GRAPHICS\ASSIGNMENT4\PROJECT\ASSIGNMENT4\ASSIGNMENT4\RELEASE\CUBEMAP.OBJ
C:\USERS\GEN\DOCUMENTS\SCHOOL\PURDUE\COURSES\CS535_GRAPHICS\ASSIGNMENT4\PROJECT\ASSIGNMENT4\ASSIGNMENT4\RELEASE\FRAMEBUFFER.OBJ
C:\USERS\GEN\DOCUMENTS\SCHOOL\PURDUE\COURSES\CS535_GRAPHICS\ASSIGNMENT4\PROJECT\ASSIGNMENT4\ASSIGNMENT4\RELEASE\GUI.OBJ
C:\USERS\GEN\DOCUMENTS\SCHOOL\PURDUE\COURSES\CS535_GRAPHICS\ASSIGNMENT4\PROJECT\ASSIGNMENT4\ASSIGNMENT4\RELEASE\LIGHT.OBJ
C:\Users\gen\Documents\school\Purdue\courses\CS535_Graphics\Assignment4\project\Assignment4\Assignment4\Release\link.command.1.tlog
C:\Users\gen\Documents\school\Purdue\courses\CS535_Graphics\Assignment4\project\Assignment4\Assignment4\Release\link.read.1.tlog
C:\Users\gen\Documents\school\Purdue\courses\CS535_Graphics\Assignment4\project\Assignment4\Assignment4\Release\link.write.1.tlog
C:\USERS\GEN\DOCUMENTS\SCHOOL\PURDUE\COURSES\CS535_GRAPHICS\ASSIGNMENT4\PROJECT\ASSIGNMENT4\ASSIGNMENT4\RELEASE\M33.OBJ
C:\USERS\GEN\DOCUMENTS\SCHOOL\PURDUE\COURSES\CS535_GRAPHICS\ASSIGNMENT4\PROJECT\ASSIGNMENT4\ASSIGNMENT4\RELEASE\MAINWINDOW.OBJ
C:\Users\gen\Documents\school\Purdue\courses\CS535_Graphics\Assignment4\project\Assignment4\Assignment4\Release\mt.command.1.tlog
C:\Users\gen\Documents\school\Purdue\courses\CS535_Graphics\Assignment4\project\Assignment4\Assignment4\Release\mt.read.1.tlog
C:\Users\gen\Documents\school\Purdue\courses\CS535_Graphics\Assignment4\project\Assignment4\Assignment4\Release\mt.write.1.tlog
C:\USERS\GEN\DOCUMENTS\SCHOOL\PURDUE\COURSES\CS535_GRAPHICS\ASSIGNMENT4\PROJECT\ASSIGNMENT4\ASSIGNMENT4\RELEASE\PPC.OBJ
C:\USERS\GEN\DOCUMENTS\SCHOOL\PURDUE\COURSES\CS535_GRAPHICS\ASSIGNMENT4\PROJECT\ASSIGNMENT4\ASSIGNMENT4\RELEASE\QUAD.OBJ
C:\USERS\GEN\DOCUMENTS\SCHOOL\PURDUE\COURSES\CS535_GRAPHICS\ASSIGNMENT4\PROJECT\ASSIGNMENT4\ASSIGNMENT4\RELEASE\SCENE.OBJ
C:\USERS\GEN\DOCUMENTS\SCHOOL\PURDUE\COURSES\CS535_GRAPHICS\ASSIGNMENT4\PROJECT\ASSIGNMENT4\ASSIGNMENT4\RELEASE\SKYBOX.OBJ
C:\USERS\GEN\DOCUMENTS\SCHOOL\PURDUE\COURSES\CS535_GRAPHICS\ASSIGNMENT4\PROJECT\ASSIGNMENT4\ASSIGNMENT4\RELEASE\SPHERE.OBJ
C:\USERS\GEN\DOCUMENTS\SCHOOL\PURDUE\COURSES\CS535_GRAPHICS\ASSIGNMENT4\PROJECT\ASSIGNMENT4\ASSIGNMENT4\RELEASE\TEXTURE.OBJ
C:\USERS\GEN\DOCUMENTS\SCHOOL\PURDUE\COURSES\CS535_GRAPHICS\ASSIGNMENT4\PROJECT\ASSIGNMENT4\ASSIGNMENT4\RELEASE\TIFFIMAGE.OBJ
C:\USERS\GEN\DOCUMENTS\SCHOOL\PURDUE\COURSES\CS535_GRAPHICS\ASSIGNMENT4\PROJECT\ASSIGNMENT4\ASSIGNMENT4\RELEASE\TMESH.OBJ
C:\USERS\GEN\DOCUMENTS\SCHOOL\PURDUE\COURSES\CS535_GRAPHICS\ASSIGNMENT4\PROJECT\ASSIGNMENT4\ASSIGNMENT4\RELEASE\TRIANGLE.OBJ
C:\USERS\GEN\DOCUMENTS\SCHOOL\PURDUE\COURSES\CS535_GRAPHICS\ASSIGNMENT4\PROJECT\ASSIGNMENT4\ASSIGNMENT4\RELEASE\V3.OBJ
C:\USERS\GEN\DOCUMENTS\SCHOOL\PURDUE\COURSES\CS535_GRAPHICS\ASSIGNMENT4\PROJECT\ASSIGNMENT4\ASSIGNMENT4\RELEASE\VC100.PDB
C:\USERS\GEN\DOCUMENTS\SCHOOL\PURDUE\COURSES\CS535_GRAPHICS\ASSIGNMENT4\PROJECT\ASSIGNMENT4\RELEASE\ASSIGNMENT4.EXE
C:\USERS\GEN\DOCUMENTS\SCHOOL\PURDUE\COURSES\CS535_GRAPHICS\ASSIGNMENT4\PROJECT\ASSIGNMENT4\RELEASE\ASSIGNMENT4.PDB
